<?xml version="1.0" encoding="UTF-8"?>
<!-- Generated by org.testng.reporters.JUnitXMLReporter -->
<testsuite ignored="1" hostname="DESKTOP-RMDCP2H" failures="0" tests="2" name="Test" time="9.408" errors="0" timestamp="2023-09-13T15:42:22 IST">
  <testcase classname="com.orange.hrm.test.LoginTest" name="loginWithValidUserNameAndValidPassword" time="4.878"/>
  <testcase classname="com.orange.hrm.test.HomePageTest" name="logout" time="4.396"/>
  <testcase classname="com.orange.hrm.test.BaseTest" name="@BeforeSuite initDriver" time="0.0">
    <ignored/>
  </testcase> <!-- @BeforeSuite initDriver -->
</testsuite> <!-- Test -->
