<?xml version="1.0" encoding="UTF-8"?>
<!-- Generated by org.testng.reporters.JUnitXMLReporter -->
<testsuite ignored="0" hostname="DESKTOP-RMDCP2H" failures="0" tests="3" name="Test" time="27.442" errors="0" timestamp="2023-08-28T13:49:17 IST">
  <testcase classname="com.test.OrangeHRMTest" name="login" time="19.591"/>
  <testcase classname="com.test.OrangeHRMTest" name="testAdmin" time="5.929"/>
  <testcase classname="com.test.OrangeHRMTest" name="testLogout" time="1.644"/>
</testsuite> <!-- Test -->
