<?xml version="1.0" encoding="UTF-8"?>
<testng-results ignored="0" total="3" passed="3" failed="0" skipped="0">
  <reporter-output>
  </reporter-output>
  <suite started-at="2023-08-28T13:48:50 IST" name="Suite" finished-at="2023-08-28T13:49:17 IST" duration-ms="27442">
    <groups>
    </groups>
    <test started-at="2023-08-28T13:48:50 IST" name="Test" finished-at="2023-08-28T13:49:17 IST" duration-ms="27442">
      <class name="com.test.OrangeHRMTest">
        <test-method signature="login()[pri:0, instance:com.test.OrangeHRMTest@4659191b]" started-at="2023-08-28T13:48:50 IST" name="login" finished-at="2023-08-28T13:49:09 IST" duration-ms="19591" status="PASS">
          <reporter-output>
          </reporter-output>
        </test-method> <!-- login -->
        <test-method signature="testAdmin()[pri:0, instance:com.test.OrangeHRMTest@4659191b]" started-at="2023-08-28T13:49:10 IST" name="testAdmin" finished-at="2023-08-28T13:49:15 IST" duration-ms="5929" status="PASS">
          <reporter-output>
          </reporter-output>
        </test-method> <!-- testAdmin -->
        <test-method signature="testLogout()[pri:0, instance:com.test.OrangeHRMTest@4659191b]" started-at="2023-08-28T13:49:15 IST" name="testLogout" finished-at="2023-08-28T13:49:17 IST" duration-ms="1644" status="PASS">
          <reporter-output>
          </reporter-output>
        </test-method> <!-- testLogout -->
      </class> <!-- com.test.OrangeHRMTest -->
    </test> <!-- Test -->
  </suite> <!-- Suite -->
</testng-results>
