<?xml version="1.0" encoding="UTF-8"?>
<testng-results ignored="0" total="2" passed="2" failed="0" skipped="0">
  <reporter-output>
  </reporter-output>
  <suite started-at="2023-09-13T15:42:11 IST" name="Suite" finished-at="2023-09-13T15:42:21 IST" duration-ms="9408">
    <groups>
    </groups>
    <test started-at="2023-09-13T15:42:11 IST" name="Test" finished-at="2023-09-13T15:42:21 IST" duration-ms="9408">
      <class name="com.orange.hrm.test.LoginTest">
        <test-method is-config="true" signature="initDriver()[pri:0, instance:com.orange.hrm.test.LoginTest@19e4653c]" started-at="2023-09-13T15:41:47 IST" name="initDriver" finished-at="2023-09-13T15:42:11 IST" duration-ms="24059" status="PASS">
          <reporter-output>
          </reporter-output>
        </test-method> <!-- initDriver -->
        <test-method signature="loginWithValidUserNameAndValidPassword()[pri:0, instance:com.orange.hrm.test.LoginTest@19e4653c]" started-at="2023-09-13T15:42:11 IST" name="loginWithValidUserNameAndValidPassword" finished-at="2023-09-13T15:42:16 IST" duration-ms="4878" status="PASS">
          <reporter-output>
          </reporter-output>
        </test-method> <!-- loginWithValidUserNameAndValidPassword -->
      </class> <!-- com.orange.hrm.test.LoginTest -->
      <class name="com.orange.hrm.test.HomePageTest">
        <test-method signature="logout()[pri:0, instance:com.orange.hrm.test.HomePageTest@53fb3dab]" started-at="2023-09-13T15:42:16 IST" name="logout" finished-at="2023-09-13T15:42:20 IST" duration-ms="4396" status="PASS">
          <reporter-output>
          </reporter-output>
        </test-method> <!-- logout -->
      </class> <!-- com.orange.hrm.test.HomePageTest -->
    </test> <!-- Test -->
  </suite> <!-- Suite -->
</testng-results>
